[2024-12-16 20:10:10,337] INFO [GroupCoordinator 1]: Member kafka-python-2.0.2-5bb5cdac-0e79-405b-9c1e-375855d868f6 in group fastapi_consumer_group has failed, removing it from the group (kafka.coordinator.group.GroupCoordinator)
[2024-12-16 20:10:10,338] INFO [GroupCoordinator 1]: Preparing to rebalance group fastapi_consumer_group in state PreparingRebalance with old generation 25 (__consumer_offsets-1) (reason: removing member kafka-python-2.0.2-5bb5cdac-0e79-405b-9c1e-375855d868f6 on heartbeat expiration) (kafka.coordinator.group.GroupCoordinator)
[2024-12-16 20:10:10,338] INFO [GroupCoordinator 1]: Group fastapi_consumer_group with generation 26 is now empty (__consumer_offsets-1) (kafka.coordinator.group.GroupCoordinator)
[2024-12-16 20:10:32,018] INFO [GroupCoordinator 1]: Dynamic Member with unknown member id joins group fastapi_consumer_group in Empty state. Created a new member id kafka-python-2.0.2-e7f59a5b-5fe7-446d-9081-e5b34ce1c4ac for this member and add to the group. (kafka.coordinator.group.GroupCoordinator)
[2024-12-16 20:10:32,018] INFO [GroupCoordinator 1]: Preparing to rebalance group fastapi_consumer_group in state PreparingRebalance with old generation 26 (__consumer_offsets-1) (reason: Adding new member kafka-python-2.0.2-e7f59a5b-5fe7-446d-9081-e5b34ce1c4ac with group instance id None; client reason: not provided) (kafka.coordinator.group.GroupCoordinator)
[2024-12-16 20:10:35,019] INFO [GroupCoordinator 1]: Stabilized group fastapi_consumer_group generation 27 (__consumer_offsets-1) with 1 members (kafka.coordinator.group.GroupCoordinator)
[2024-12-16 20:10:35,021] INFO [GroupCoordinator 1]: Assignment received from leader kafka-python-2.0.2-e7f59a5b-5fe7-446d-9081-e5b34ce1c4ac for group fastapi_consumer_group for generation 27. The group has 1 members, 0 of which are static. (kafka.coordinator.group.GroupCoordinator)
[2024-12-16 20:18:54,194] INFO [GroupCoordinator 1]: Dynamic Member with unknown member id joins group fastapi_consumer_group in Stable state. Created a new member id kafka-python-2.0.2-d0472174-468a-4506-b08c-ee2f8e33b1b5 for this member and add to the group. (kafka.coordinator.group.GroupCoordinator)
[2024-12-16 20:18:54,194] INFO [GroupCoordinator 1]: Preparing to rebalance group fastapi_consumer_group in state PreparingRebalance with old generation 27 (__consumer_offsets-1) (reason: Adding new member kafka-python-2.0.2-d0472174-468a-4506-b08c-ee2f8e33b1b5 with group instance id None; client reason: not provided) (kafka.coordinator.group.GroupCoordinator)
[2024-12-16 20:19:01,193] INFO [GroupCoordinator 1]: Member kafka-python-2.0.2-e7f59a5b-5fe7-446d-9081-e5b34ce1c4ac in group fastapi_consumer_group has failed, removing it from the group (kafka.coordinator.group.GroupCoordinator)
[2024-12-16 20:19:01,193] INFO [GroupCoordinator 1]: Stabilized group fastapi_consumer_group generation 28 (__consumer_offsets-1) with 1 members (kafka.coordinator.group.GroupCoordinator)
[2024-12-16 20:19:01,194] INFO [GroupCoordinator 1]: Assignment received from leader kafka-python-2.0.2-d0472174-468a-4506-b08c-ee2f8e33b1b5 for group fastapi_consumer_group for generation 28. The group has 1 members, 0 of which are static. (kafka.coordinator.group.GroupCoordinator)
[2024-12-16 20:19:57,935] INFO [GroupCoordinator 1]: Dynamic Member with unknown member id joins group fastapi_consumer_group in Stable state. Created a new member id kafka-python-2.0.2-3f70f120-6b9e-434f-90a3-4d705b7423ef for this member and add to the group. (kafka.coordinator.group.GroupCoordinator)
[2024-12-16 20:19:57,935] INFO [GroupCoordinator 1]: Preparing to rebalance group fastapi_consumer_group in state PreparingRebalance with old generation 28 (__consumer_offsets-1) (reason: Adding new member kafka-python-2.0.2-3f70f120-6b9e-434f-90a3-4d705b7423ef with group instance id None; client reason: not provided) (kafka.coordinator.group.GroupCoordinator)
[2024-12-16 20:20:06,208] INFO [GroupCoordinator 1]: Member kafka-python-2.0.2-d0472174-468a-4506-b08c-ee2f8e33b1b5 in group fastapi_consumer_group has failed, removing it from the group (kafka.coordinator.group.GroupCoordinator)
[2024-12-16 20:20:06,209] INFO [GroupCoordinator 1]: Stabilized group fastapi_consumer_group generation 29 (__consumer_offsets-1) with 1 members (kafka.coordinator.group.GroupCoordinator)
[2024-12-16 20:20:06,210] INFO [GroupCoordinator 1]: Assignment received from leader kafka-python-2.0.2-3f70f120-6b9e-434f-90a3-4d705b7423ef for group fastapi_consumer_group for generation 29. The group has 1 members, 0 of which are static. (kafka.coordinator.group.GroupCoordinator)
[2024-12-16 20:21:28,034] INFO [GroupCoordinator 1]: Dynamic Member with unknown member id joins group fastapi_consumer_group in Stable state. Created a new member id kafka-python-2.0.2-77e1cc22-6b28-42ba-adce-2f539e9a9118 for this member and add to the group. (kafka.coordinator.group.GroupCoordinator)
[2024-12-16 20:21:28,034] INFO [GroupCoordinator 1]: Preparing to rebalance group fastapi_consumer_group in state PreparingRebalance with old generation 29 (__consumer_offsets-1) (reason: Adding new member kafka-python-2.0.2-77e1cc22-6b28-42ba-adce-2f539e9a9118 with group instance id None; client reason: not provided) (kafka.coordinator.group.GroupCoordinator)
[2024-12-16 20:21:36,231] INFO [GroupCoordinator 1]: Member kafka-python-2.0.2-3f70f120-6b9e-434f-90a3-4d705b7423ef in group fastapi_consumer_group has failed, removing it from the group (kafka.coordinator.group.GroupCoordinator)
[2024-12-16 20:21:36,232] INFO [GroupCoordinator 1]: Stabilized group fastapi_consumer_group generation 30 (__consumer_offsets-1) with 1 members (kafka.coordinator.group.GroupCoordinator)
[2024-12-16 20:21:36,233] INFO [GroupCoordinator 1]: Assignment received from leader kafka-python-2.0.2-77e1cc22-6b28-42ba-adce-2f539e9a9118 for group fastapi_consumer_group for generation 30. The group has 1 members, 0 of which are static. (kafka.coordinator.group.GroupCoordinator)
[2024-12-16 20:22:52,340] INFO [GroupCoordinator 1]: Member kafka-python-2.0.2-77e1cc22-6b28-42ba-adce-2f539e9a9118 in group fastapi_consumer_group has failed, removing it from the group (kafka.coordinator.group.GroupCoordinator)
[2024-12-16 20:22:52,341] INFO [GroupCoordinator 1]: Preparing to rebalance group fastapi_consumer_group in state PreparingRebalance with old generation 30 (__consumer_offsets-1) (reason: removing member kafka-python-2.0.2-77e1cc22-6b28-42ba-adce-2f539e9a9118 on heartbeat expiration) (kafka.coordinator.group.GroupCoordinator)
[2024-12-16 20:22:52,341] INFO [GroupCoordinator 1]: Group fastapi_consumer_group with generation 31 is now empty (__consumer_offsets-1) (kafka.coordinator.group.GroupCoordinator)
[2024-12-16 20:23:38,166] INFO [SnapshotGenerator id=1] Creating new KRaft snapshot file snapshot 00000000000000021654-0000000001 because we have waited at least 60 minute(s). (org.apache.kafka.image.publisher.SnapshotGenerator)
[2024-12-16 20:23:38,180] INFO [SnapshotEmitter id=1] Successfully wrote snapshot 00000000000000021654-0000000001 (org.apache.kafka.image.publisher.SnapshotEmitter)
[2024-12-16 20:23:55,554] INFO [GroupCoordinator 1]: Dynamic Member with unknown member id joins group fastapi_consumer_group in Empty state. Created a new member id kafka-python-2.0.2-f029736c-7d21-472a-a6c4-064b30143cab for this member and add to the group. (kafka.coordinator.group.GroupCoordinator)
[2024-12-16 20:23:55,554] INFO [GroupCoordinator 1]: Preparing to rebalance group fastapi_consumer_group in state PreparingRebalance with old generation 31 (__consumer_offsets-1) (reason: Adding new member kafka-python-2.0.2-f029736c-7d21-472a-a6c4-064b30143cab with group instance id None; client reason: not provided) (kafka.coordinator.group.GroupCoordinator)
[2024-12-16 20:23:58,555] INFO [GroupCoordinator 1]: Stabilized group fastapi_consumer_group generation 32 (__consumer_offsets-1) with 1 members (kafka.coordinator.group.GroupCoordinator)
[2024-12-16 20:23:58,558] INFO [GroupCoordinator 1]: Assignment received from leader kafka-python-2.0.2-f029736c-7d21-472a-a6c4-064b30143cab for group fastapi_consumer_group for generation 32. The group has 1 members, 0 of which are static. (kafka.coordinator.group.GroupCoordinator)
[2024-12-16 20:39:37,383] INFO [GroupCoordinator 1]: Dynamic Member with unknown member id joins group fastapi_consumer_group in Stable state. Created a new member id kafka-python-2.0.2-87a6c604-536d-4a0b-88bf-3dcd113b499d for this member and add to the group. (kafka.coordinator.group.GroupCoordinator)
[2024-12-16 20:39:37,383] INFO [GroupCoordinator 1]: Preparing to rebalance group fastapi_consumer_group in state PreparingRebalance with old generation 32 (__consumer_offsets-1) (reason: Adding new member kafka-python-2.0.2-87a6c604-536d-4a0b-88bf-3dcd113b499d with group instance id None; client reason: not provided) (kafka.coordinator.group.GroupCoordinator)
[2024-12-16 20:39:44,257] INFO [GroupCoordinator 1]: Member kafka-python-2.0.2-f029736c-7d21-472a-a6c4-064b30143cab in group fastapi_consumer_group has failed, removing it from the group (kafka.coordinator.group.GroupCoordinator)
[2024-12-16 20:39:44,257] INFO [GroupCoordinator 1]: Stabilized group fastapi_consumer_group generation 33 (__consumer_offsets-1) with 1 members (kafka.coordinator.group.GroupCoordinator)
[2024-12-16 20:39:44,259] INFO [GroupCoordinator 1]: Assignment received from leader kafka-python-2.0.2-87a6c604-536d-4a0b-88bf-3dcd113b499d for group fastapi_consumer_group for generation 33. The group has 1 members, 0 of which are static. (kafka.coordinator.group.GroupCoordinator)
[2024-12-16 20:42:42,174] INFO [GroupCoordinator 1]: Dynamic Member with unknown member id joins group fastapi_consumer_group in Stable state. Created a new member id kafka-python-2.0.2-207ceb0a-ffaa-463e-8298-ae31d5960187 for this member and add to the group. (kafka.coordinator.group.GroupCoordinator)
[2024-12-16 20:42:42,174] INFO [GroupCoordinator 1]: Preparing to rebalance group fastapi_consumer_group in state PreparingRebalance with old generation 33 (__consumer_offsets-1) (reason: Adding new member kafka-python-2.0.2-207ceb0a-ffaa-463e-8298-ae31d5960187 with group instance id None; client reason: not provided) (kafka.coordinator.group.GroupCoordinator)
[2024-12-16 20:42:49,301] INFO [GroupCoordinator 1]: Member kafka-python-2.0.2-87a6c604-536d-4a0b-88bf-3dcd113b499d in group fastapi_consumer_group has failed, removing it from the group (kafka.coordinator.group.GroupCoordinator)
[2024-12-16 20:42:49,301] INFO [GroupCoordinator 1]: Stabilized group fastapi_consumer_group generation 34 (__consumer_offsets-1) with 1 members (kafka.coordinator.group.GroupCoordinator)
[2024-12-16 20:42:49,303] INFO [GroupCoordinator 1]: Assignment received from leader kafka-python-2.0.2-207ceb0a-ffaa-463e-8298-ae31d5960187 for group fastapi_consumer_group for generation 34. The group has 1 members, 0 of which are static. (kafka.coordinator.group.GroupCoordinator)
