[2024-12-16 11:33:28,467] INFO [Broker id=1] Transitioning 1 partition(s) to local leaders. (state.change.logger)
[2024-12-16 11:33:28,469] INFO [Broker id=1] Creating new partition test_topic-0 with topic id cfI9diHwTvqQduxJwJ6nKw. (state.change.logger)
[2024-12-16 11:33:28,490] INFO [Broker id=1] Leader test_topic-0 with topic id Some(cfI9diHwTvqQduxJwJ6nKw) starts at leader epoch 0 from offset 0 with partition epoch 0, high watermark 0, ISR [1], adding replicas [] and removing replicas [] . Previous leader None and previous leader epoch was -1. (state.change.logger)
[2024-12-16 11:33:46,581] INFO [Broker id=1] Transitioning 50 partition(s) to local leaders. (state.change.logger)
[2024-12-16 11:33:46,581] INFO [Broker id=1] Creating new partition __consumer_offsets-13 with topic id spqYwLukTouzTABpchglkg. (state.change.logger)
[2024-12-16 11:33:46,585] INFO [Broker id=1] Leader __consumer_offsets-13 with topic id Some(spqYwLukTouzTABpchglkg) starts at leader epoch 0 from offset 0 with partition epoch 0, high watermark 0, ISR [1], adding replicas [] and removing replicas [] . Previous leader None and previous leader epoch was -1. (state.change.logger)
[2024-12-16 11:33:46,599] INFO [Broker id=1] Creating new partition __consumer_offsets-46 with topic id spqYwLukTouzTABpchglkg. (state.change.logger)
[2024-12-16 11:33:46,605] INFO [Broker id=1] Leader __consumer_offsets-46 with topic id Some(spqYwLukTouzTABpchglkg) starts at leader epoch 0 from offset 0 with partition epoch 0, high watermark 0, ISR [1], adding replicas [] and removing replicas [] . Previous leader None and previous leader epoch was -1. (state.change.logger)
[2024-12-16 11:33:46,623] INFO [Broker id=1] Creating new partition __consumer_offsets-9 with topic id spqYwLukTouzTABpchglkg. (state.change.logger)
[2024-12-16 11:33:46,626] INFO [Broker id=1] Leader __consumer_offsets-9 with topic id Some(spqYwLukTouzTABpchglkg) starts at leader epoch 0 from offset 0 with partition epoch 0, high watermark 0, ISR [1], adding replicas [] and removing replicas [] . Previous leader None and previous leader epoch was -1. (state.change.logger)
[2024-12-16 11:33:46,641] INFO [Broker id=1] Creating new partition __consumer_offsets-42 with topic id spqYwLukTouzTABpchglkg. (state.change.logger)
[2024-12-16 11:33:46,644] INFO [Broker id=1] Leader __consumer_offsets-42 with topic id Some(spqYwLukTouzTABpchglkg) starts at leader epoch 0 from offset 0 with partition epoch 0, high watermark 0, ISR [1], adding replicas [] and removing replicas [] . Previous leader None and previous leader epoch was -1. (state.change.logger)
[2024-12-16 11:33:46,658] INFO [Broker id=1] Creating new partition __consumer_offsets-21 with topic id spqYwLukTouzTABpchglkg. (state.change.logger)
[2024-12-16 11:33:46,661] INFO [Broker id=1] Leader __consumer_offsets-21 with topic id Some(spqYwLukTouzTABpchglkg) starts at leader epoch 0 from offset 0 with partition epoch 0, high watermark 0, ISR [1], adding replicas [] and removing replicas [] . Previous leader None and previous leader epoch was -1. (state.change.logger)
[2024-12-16 11:33:46,675] INFO [Broker id=1] Creating new partition __consumer_offsets-17 with topic id spqYwLukTouzTABpchglkg. (state.change.logger)
[2024-12-16 11:33:46,679] INFO [Broker id=1] Leader __consumer_offsets-17 with topic id Some(spqYwLukTouzTABpchglkg) starts at leader epoch 0 from offset 0 with partition epoch 0, high watermark 0, ISR [1], adding replicas [] and removing replicas [] . Previous leader None and previous leader epoch was -1. (state.change.logger)
[2024-12-16 11:33:46,694] INFO [Broker id=1] Creating new partition __consumer_offsets-30 with topic id spqYwLukTouzTABpchglkg. (state.change.logger)
[2024-12-16 11:33:46,698] INFO [Broker id=1] Leader __consumer_offsets-30 with topic id Some(spqYwLukTouzTABpchglkg) starts at leader epoch 0 from offset 0 with partition epoch 0, high watermark 0, ISR [1], adding replicas [] and removing replicas [] . Previous leader None and previous leader epoch was -1. (state.change.logger)
[2024-12-16 11:33:46,713] INFO [Broker id=1] Creating new partition __consumer_offsets-26 with topic id spqYwLukTouzTABpchglkg. (state.change.logger)
[2024-12-16 11:33:46,717] INFO [Broker id=1] Leader __consumer_offsets-26 with topic id Some(spqYwLukTouzTABpchglkg) starts at leader epoch 0 from offset 0 with partition epoch 0, high watermark 0, ISR [1], adding replicas [] and removing replicas [] . Previous leader None and previous leader epoch was -1. (state.change.logger)
[2024-12-16 11:33:46,732] INFO [Broker id=1] Creating new partition __consumer_offsets-5 with topic id spqYwLukTouzTABpchglkg. (state.change.logger)
[2024-12-16 11:33:46,734] INFO [Broker id=1] Leader __consumer_offsets-5 with topic id Some(spqYwLukTouzTABpchglkg) starts at leader epoch 0 from offset 0 with partition epoch 0, high watermark 0, ISR [1], adding replicas [] and removing replicas [] . Previous leader None and previous leader epoch was -1. (state.change.logger)
[2024-12-16 11:33:46,749] INFO [Broker id=1] Creating new partition __consumer_offsets-38 with topic id spqYwLukTouzTABpchglkg. (state.change.logger)
[2024-12-16 11:33:46,753] INFO [Broker id=1] Leader __consumer_offsets-38 with topic id Some(spqYwLukTouzTABpchglkg) starts at leader epoch 0 from offset 0 with partition epoch 0, high watermark 0, ISR [1], adding replicas [] and removing replicas [] . Previous leader None and previous leader epoch was -1. (state.change.logger)
[2024-12-16 11:33:46,768] INFO [Broker id=1] Creating new partition __consumer_offsets-1 with topic id spqYwLukTouzTABpchglkg. (state.change.logger)
[2024-12-16 11:33:46,773] INFO [Broker id=1] Leader __consumer_offsets-1 with topic id Some(spqYwLukTouzTABpchglkg) starts at leader epoch 0 from offset 0 with partition epoch 0, high watermark 0, ISR [1], adding replicas [] and removing replicas [] . Previous leader None and previous leader epoch was -1. (state.change.logger)
[2024-12-16 11:33:46,788] INFO [Broker id=1] Creating new partition __consumer_offsets-34 with topic id spqYwLukTouzTABpchglkg. (state.change.logger)
[2024-12-16 11:33:46,796] INFO [Broker id=1] Leader __consumer_offsets-34 with topic id Some(spqYwLukTouzTABpchglkg) starts at leader epoch 0 from offset 0 with partition epoch 0, high watermark 0, ISR [1], adding replicas [] and removing replicas [] . Previous leader None and previous leader epoch was -1. (state.change.logger)
[2024-12-16 11:33:46,810] INFO [Broker id=1] Creating new partition __consumer_offsets-16 with topic id spqYwLukTouzTABpchglkg. (state.change.logger)
[2024-12-16 11:33:46,814] INFO [Broker id=1] Leader __consumer_offsets-16 with topic id Some(spqYwLukTouzTABpchglkg) starts at leader epoch 0 from offset 0 with partition epoch 0, high watermark 0, ISR [1], adding replicas [] and removing replicas [] . Previous leader None and previous leader epoch was -1. (state.change.logger)
[2024-12-16 11:33:46,830] INFO [Broker id=1] Creating new partition __consumer_offsets-45 with topic id spqYwLukTouzTABpchglkg. (state.change.logger)
[2024-12-16 11:33:46,833] INFO [Broker id=1] Leader __consumer_offsets-45 with topic id Some(spqYwLukTouzTABpchglkg) starts at leader epoch 0 from offset 0 with partition epoch 0, high watermark 0, ISR [1], adding replicas [] and removing replicas [] . Previous leader None and previous leader epoch was -1. (state.change.logger)
[2024-12-16 11:33:46,848] INFO [Broker id=1] Creating new partition __consumer_offsets-12 with topic id spqYwLukTouzTABpchglkg. (state.change.logger)
[2024-12-16 11:33:46,852] INFO [Broker id=1] Leader __consumer_offsets-12 with topic id Some(spqYwLukTouzTABpchglkg) starts at leader epoch 0 from offset 0 with partition epoch 0, high watermark 0, ISR [1], adding replicas [] and removing replicas [] . Previous leader None and previous leader epoch was -1. (state.change.logger)
[2024-12-16 11:33:46,867] INFO [Broker id=1] Creating new partition __consumer_offsets-41 with topic id spqYwLukTouzTABpchglkg. (state.change.logger)
[2024-12-16 11:33:46,871] INFO [Broker id=1] Leader __consumer_offsets-41 with topic id Some(spqYwLukTouzTABpchglkg) starts at leader epoch 0 from offset 0 with partition epoch 0, high watermark 0, ISR [1], adding replicas [] and removing replicas [] . Previous leader None and previous leader epoch was -1. (state.change.logger)
[2024-12-16 11:33:46,885] INFO [Broker id=1] Creating new partition __consumer_offsets-24 with topic id spqYwLukTouzTABpchglkg. (state.change.logger)
[2024-12-16 11:33:46,889] INFO [Broker id=1] Leader __consumer_offsets-24 with topic id Some(spqYwLukTouzTABpchglkg) starts at leader epoch 0 from offset 0 with partition epoch 0, high watermark 0, ISR [1], adding replicas [] and removing replicas [] . Previous leader None and previous leader epoch was -1. (state.change.logger)
[2024-12-16 11:33:46,904] INFO [Broker id=1] Creating new partition __consumer_offsets-20 with topic id spqYwLukTouzTABpchglkg. (state.change.logger)
[2024-12-16 11:33:46,907] INFO [Broker id=1] Leader __consumer_offsets-20 with topic id Some(spqYwLukTouzTABpchglkg) starts at leader epoch 0 from offset 0 with partition epoch 0, high watermark 0, ISR [1], adding replicas [] and removing replicas [] . Previous leader None and previous leader epoch was -1. (state.change.logger)
[2024-12-16 11:33:46,922] INFO [Broker id=1] Creating new partition __consumer_offsets-49 with topic id spqYwLukTouzTABpchglkg. (state.change.logger)
[2024-12-16 11:33:46,927] INFO [Broker id=1] Leader __consumer_offsets-49 with topic id Some(spqYwLukTouzTABpchglkg) starts at leader epoch 0 from offset 0 with partition epoch 0, high watermark 0, ISR [1], adding replicas [] and removing replicas [] . Previous leader None and previous leader epoch was -1. (state.change.logger)
[2024-12-16 11:33:46,942] INFO [Broker id=1] Creating new partition __consumer_offsets-0 with topic id spqYwLukTouzTABpchglkg. (state.change.logger)
[2024-12-16 11:33:46,945] INFO [Broker id=1] Leader __consumer_offsets-0 with topic id Some(spqYwLukTouzTABpchglkg) starts at leader epoch 0 from offset 0 with partition epoch 0, high watermark 0, ISR [1], adding replicas [] and removing replicas [] . Previous leader None and previous leader epoch was -1. (state.change.logger)
[2024-12-16 11:33:46,960] INFO [Broker id=1] Creating new partition __consumer_offsets-29 with topic id spqYwLukTouzTABpchglkg. (state.change.logger)
[2024-12-16 11:33:46,963] INFO [Broker id=1] Leader __consumer_offsets-29 with topic id Some(spqYwLukTouzTABpchglkg) starts at leader epoch 0 from offset 0 with partition epoch 0, high watermark 0, ISR [1], adding replicas [] and removing replicas [] . Previous leader None and previous leader epoch was -1. (state.change.logger)
[2024-12-16 11:33:46,978] INFO [Broker id=1] Creating new partition __consumer_offsets-25 with topic id spqYwLukTouzTABpchglkg. (state.change.logger)
[2024-12-16 11:33:46,981] INFO [Broker id=1] Leader __consumer_offsets-25 with topic id Some(spqYwLukTouzTABpchglkg) starts at leader epoch 0 from offset 0 with partition epoch 0, high watermark 0, ISR [1], adding replicas [] and removing replicas [] . Previous leader None and previous leader epoch was -1. (state.change.logger)
[2024-12-16 11:33:46,989] INFO [Broker id=1] Creating new partition __consumer_offsets-8 with topic id spqYwLukTouzTABpchglkg. (state.change.logger)
[2024-12-16 11:33:46,993] INFO [Broker id=1] Leader __consumer_offsets-8 with topic id Some(spqYwLukTouzTABpchglkg) starts at leader epoch 0 from offset 0 with partition epoch 0, high watermark 0, ISR [1], adding replicas [] and removing replicas [] . Previous leader None and previous leader epoch was -1. (state.change.logger)
[2024-12-16 11:33:47,007] INFO [Broker id=1] Creating new partition __consumer_offsets-37 with topic id spqYwLukTouzTABpchglkg. (state.change.logger)
[2024-12-16 11:33:47,011] INFO [Broker id=1] Leader __consumer_offsets-37 with topic id Some(spqYwLukTouzTABpchglkg) starts at leader epoch 0 from offset 0 with partition epoch 0, high watermark 0, ISR [1], adding replicas [] and removing replicas [] . Previous leader None and previous leader epoch was -1. (state.change.logger)
[2024-12-16 11:33:47,025] INFO [Broker id=1] Creating new partition __consumer_offsets-4 with topic id spqYwLukTouzTABpchglkg. (state.change.logger)
[2024-12-16 11:33:47,029] INFO [Broker id=1] Leader __consumer_offsets-4 with topic id Some(spqYwLukTouzTABpchglkg) starts at leader epoch 0 from offset 0 with partition epoch 0, high watermark 0, ISR [1], adding replicas [] and removing replicas [] . Previous leader None and previous leader epoch was -1. (state.change.logger)
[2024-12-16 11:33:47,043] INFO [Broker id=1] Creating new partition __consumer_offsets-33 with topic id spqYwLukTouzTABpchglkg. (state.change.logger)
[2024-12-16 11:33:47,049] INFO [Broker id=1] Leader __consumer_offsets-33 with topic id Some(spqYwLukTouzTABpchglkg) starts at leader epoch 0 from offset 0 with partition epoch 0, high watermark 0, ISR [1], adding replicas [] and removing replicas [] . Previous leader None and previous leader epoch was -1. (state.change.logger)
[2024-12-16 11:33:47,064] INFO [Broker id=1] Creating new partition __consumer_offsets-15 with topic id spqYwLukTouzTABpchglkg. (state.change.logger)
[2024-12-16 11:33:47,067] INFO [Broker id=1] Leader __consumer_offsets-15 with topic id Some(spqYwLukTouzTABpchglkg) starts at leader epoch 0 from offset 0 with partition epoch 0, high watermark 0, ISR [1], adding replicas [] and removing replicas [] . Previous leader None and previous leader epoch was -1. (state.change.logger)
[2024-12-16 11:33:47,082] INFO [Broker id=1] Creating new partition __consumer_offsets-48 with topic id spqYwLukTouzTABpchglkg. (state.change.logger)
[2024-12-16 11:33:47,085] INFO [Broker id=1] Leader __consumer_offsets-48 with topic id Some(spqYwLukTouzTABpchglkg) starts at leader epoch 0 from offset 0 with partition epoch 0, high watermark 0, ISR [1], adding replicas [] and removing replicas [] . Previous leader None and previous leader epoch was -1. (state.change.logger)
[2024-12-16 11:33:47,100] INFO [Broker id=1] Creating new partition __consumer_offsets-11 with topic id spqYwLukTouzTABpchglkg. (state.change.logger)
[2024-12-16 11:33:47,104] INFO [Broker id=1] Leader __consumer_offsets-11 with topic id Some(spqYwLukTouzTABpchglkg) starts at leader epoch 0 from offset 0 with partition epoch 0, high watermark 0, ISR [1], adding replicas [] and removing replicas [] . Previous leader None and previous leader epoch was -1. (state.change.logger)
[2024-12-16 11:33:47,119] INFO [Broker id=1] Creating new partition __consumer_offsets-44 with topic id spqYwLukTouzTABpchglkg. (state.change.logger)
[2024-12-16 11:33:47,122] INFO [Broker id=1] Leader __consumer_offsets-44 with topic id Some(spqYwLukTouzTABpchglkg) starts at leader epoch 0 from offset 0 with partition epoch 0, high watermark 0, ISR [1], adding replicas [] and removing replicas [] . Previous leader None and previous leader epoch was -1. (state.change.logger)
[2024-12-16 11:33:47,141] INFO [Broker id=1] Creating new partition __consumer_offsets-23 with topic id spqYwLukTouzTABpchglkg. (state.change.logger)
[2024-12-16 11:33:47,145] INFO [Broker id=1] Leader __consumer_offsets-23 with topic id Some(spqYwLukTouzTABpchglkg) starts at leader epoch 0 from offset 0 with partition epoch 0, high watermark 0, ISR [1], adding replicas [] and removing replicas [] . Previous leader None and previous leader epoch was -1. (state.change.logger)
[2024-12-16 11:33:47,160] INFO [Broker id=1] Creating new partition __consumer_offsets-19 with topic id spqYwLukTouzTABpchglkg. (state.change.logger)
[2024-12-16 11:33:47,164] INFO [Broker id=1] Leader __consumer_offsets-19 with topic id Some(spqYwLukTouzTABpchglkg) starts at leader epoch 0 from offset 0 with partition epoch 0, high watermark 0, ISR [1], adding replicas [] and removing replicas [] . Previous leader None and previous leader epoch was -1. (state.change.logger)
[2024-12-16 11:33:47,179] INFO [Broker id=1] Creating new partition __consumer_offsets-32 with topic id spqYwLukTouzTABpchglkg. (state.change.logger)
[2024-12-16 11:33:47,183] INFO [Broker id=1] Leader __consumer_offsets-32 with topic id Some(spqYwLukTouzTABpchglkg) starts at leader epoch 0 from offset 0 with partition epoch 0, high watermark 0, ISR [1], adding replicas [] and removing replicas [] . Previous leader None and previous leader epoch was -1. (state.change.logger)
[2024-12-16 11:33:47,198] INFO [Broker id=1] Creating new partition __consumer_offsets-28 with topic id spqYwLukTouzTABpchglkg. (state.change.logger)
[2024-12-16 11:33:47,202] INFO [Broker id=1] Leader __consumer_offsets-28 with topic id Some(spqYwLukTouzTABpchglkg) starts at leader epoch 0 from offset 0 with partition epoch 0, high watermark 0, ISR [1], adding replicas [] and removing replicas [] . Previous leader None and previous leader epoch was -1. (state.change.logger)
[2024-12-16 11:33:47,217] INFO [Broker id=1] Creating new partition __consumer_offsets-7 with topic id spqYwLukTouzTABpchglkg. (state.change.logger)
[2024-12-16 11:33:47,221] INFO [Broker id=1] Leader __consumer_offsets-7 with topic id Some(spqYwLukTouzTABpchglkg) starts at leader epoch 0 from offset 0 with partition epoch 0, high watermark 0, ISR [1], adding replicas [] and removing replicas [] . Previous leader None and previous leader epoch was -1. (state.change.logger)
[2024-12-16 11:33:47,236] INFO [Broker id=1] Creating new partition __consumer_offsets-40 with topic id spqYwLukTouzTABpchglkg. (state.change.logger)
[2024-12-16 11:33:47,240] INFO [Broker id=1] Leader __consumer_offsets-40 with topic id Some(spqYwLukTouzTABpchglkg) starts at leader epoch 0 from offset 0 with partition epoch 0, high watermark 0, ISR [1], adding replicas [] and removing replicas [] . Previous leader None and previous leader epoch was -1. (state.change.logger)
[2024-12-16 11:33:47,255] INFO [Broker id=1] Creating new partition __consumer_offsets-3 with topic id spqYwLukTouzTABpchglkg. (state.change.logger)
[2024-12-16 11:33:47,258] INFO [Broker id=1] Leader __consumer_offsets-3 with topic id Some(spqYwLukTouzTABpchglkg) starts at leader epoch 0 from offset 0 with partition epoch 0, high watermark 0, ISR [1], adding replicas [] and removing replicas [] . Previous leader None and previous leader epoch was -1. (state.change.logger)
[2024-12-16 11:33:47,273] INFO [Broker id=1] Creating new partition __consumer_offsets-36 with topic id spqYwLukTouzTABpchglkg. (state.change.logger)
[2024-12-16 11:33:47,276] INFO [Broker id=1] Leader __consumer_offsets-36 with topic id Some(spqYwLukTouzTABpchglkg) starts at leader epoch 0 from offset 0 with partition epoch 0, high watermark 0, ISR [1], adding replicas [] and removing replicas [] . Previous leader None and previous leader epoch was -1. (state.change.logger)
[2024-12-16 11:33:47,291] INFO [Broker id=1] Creating new partition __consumer_offsets-47 with topic id spqYwLukTouzTABpchglkg. (state.change.logger)
[2024-12-16 11:33:47,294] INFO [Broker id=1] Leader __consumer_offsets-47 with topic id Some(spqYwLukTouzTABpchglkg) starts at leader epoch 0 from offset 0 with partition epoch 0, high watermark 0, ISR [1], adding replicas [] and removing replicas [] . Previous leader None and previous leader epoch was -1. (state.change.logger)
[2024-12-16 11:33:47,309] INFO [Broker id=1] Creating new partition __consumer_offsets-14 with topic id spqYwLukTouzTABpchglkg. (state.change.logger)
[2024-12-16 11:33:47,313] INFO [Broker id=1] Leader __consumer_offsets-14 with topic id Some(spqYwLukTouzTABpchglkg) starts at leader epoch 0 from offset 0 with partition epoch 0, high watermark 0, ISR [1], adding replicas [] and removing replicas [] . Previous leader None and previous leader epoch was -1. (state.change.logger)
[2024-12-16 11:33:47,329] INFO [Broker id=1] Creating new partition __consumer_offsets-43 with topic id spqYwLukTouzTABpchglkg. (state.change.logger)
[2024-12-16 11:33:47,332] INFO [Broker id=1] Leader __consumer_offsets-43 with topic id Some(spqYwLukTouzTABpchglkg) starts at leader epoch 0 from offset 0 with partition epoch 0, high watermark 0, ISR [1], adding replicas [] and removing replicas [] . Previous leader None and previous leader epoch was -1. (state.change.logger)
[2024-12-16 11:33:47,348] INFO [Broker id=1] Creating new partition __consumer_offsets-10 with topic id spqYwLukTouzTABpchglkg. (state.change.logger)
[2024-12-16 11:33:47,351] INFO [Broker id=1] Leader __consumer_offsets-10 with topic id Some(spqYwLukTouzTABpchglkg) starts at leader epoch 0 from offset 0 with partition epoch 0, high watermark 0, ISR [1], adding replicas [] and removing replicas [] . Previous leader None and previous leader epoch was -1. (state.change.logger)
[2024-12-16 11:33:47,360] INFO [Broker id=1] Creating new partition __consumer_offsets-22 with topic id spqYwLukTouzTABpchglkg. (state.change.logger)
[2024-12-16 11:33:47,363] INFO [Broker id=1] Leader __consumer_offsets-22 with topic id Some(spqYwLukTouzTABpchglkg) starts at leader epoch 0 from offset 0 with partition epoch 0, high watermark 0, ISR [1], adding replicas [] and removing replicas [] . Previous leader None and previous leader epoch was -1. (state.change.logger)
[2024-12-16 11:33:47,372] INFO [Broker id=1] Creating new partition __consumer_offsets-18 with topic id spqYwLukTouzTABpchglkg. (state.change.logger)
[2024-12-16 11:33:47,378] INFO [Broker id=1] Leader __consumer_offsets-18 with topic id Some(spqYwLukTouzTABpchglkg) starts at leader epoch 0 from offset 0 with partition epoch 0, high watermark 0, ISR [1], adding replicas [] and removing replicas [] . Previous leader None and previous leader epoch was -1. (state.change.logger)
[2024-12-16 11:33:47,394] INFO [Broker id=1] Creating new partition __consumer_offsets-31 with topic id spqYwLukTouzTABpchglkg. (state.change.logger)
[2024-12-16 11:33:47,398] INFO [Broker id=1] Leader __consumer_offsets-31 with topic id Some(spqYwLukTouzTABpchglkg) starts at leader epoch 0 from offset 0 with partition epoch 0, high watermark 0, ISR [1], adding replicas [] and removing replicas [] . Previous leader None and previous leader epoch was -1. (state.change.logger)
[2024-12-16 11:33:47,413] INFO [Broker id=1] Creating new partition __consumer_offsets-27 with topic id spqYwLukTouzTABpchglkg. (state.change.logger)
[2024-12-16 11:33:47,418] INFO [Broker id=1] Leader __consumer_offsets-27 with topic id Some(spqYwLukTouzTABpchglkg) starts at leader epoch 0 from offset 0 with partition epoch 0, high watermark 0, ISR [1], adding replicas [] and removing replicas [] . Previous leader None and previous leader epoch was -1. (state.change.logger)
[2024-12-16 11:33:47,433] INFO [Broker id=1] Creating new partition __consumer_offsets-39 with topic id spqYwLukTouzTABpchglkg. (state.change.logger)
[2024-12-16 11:33:47,438] INFO [Broker id=1] Leader __consumer_offsets-39 with topic id Some(spqYwLukTouzTABpchglkg) starts at leader epoch 0 from offset 0 with partition epoch 0, high watermark 0, ISR [1], adding replicas [] and removing replicas [] . Previous leader None and previous leader epoch was -1. (state.change.logger)
[2024-12-16 11:33:47,454] INFO [Broker id=1] Creating new partition __consumer_offsets-6 with topic id spqYwLukTouzTABpchglkg. (state.change.logger)
[2024-12-16 11:33:47,457] INFO [Broker id=1] Leader __consumer_offsets-6 with topic id Some(spqYwLukTouzTABpchglkg) starts at leader epoch 0 from offset 0 with partition epoch 0, high watermark 0, ISR [1], adding replicas [] and removing replicas [] . Previous leader None and previous leader epoch was -1. (state.change.logger)
[2024-12-16 11:33:47,472] INFO [Broker id=1] Creating new partition __consumer_offsets-35 with topic id spqYwLukTouzTABpchglkg. (state.change.logger)
[2024-12-16 11:33:47,475] INFO [Broker id=1] Leader __consumer_offsets-35 with topic id Some(spqYwLukTouzTABpchglkg) starts at leader epoch 0 from offset 0 with partition epoch 0, high watermark 0, ISR [1], adding replicas [] and removing replicas [] . Previous leader None and previous leader epoch was -1. (state.change.logger)
[2024-12-16 11:33:47,486] INFO [Broker id=1] Creating new partition __consumer_offsets-2 with topic id spqYwLukTouzTABpchglkg. (state.change.logger)
[2024-12-16 11:33:47,488] INFO [Broker id=1] Leader __consumer_offsets-2 with topic id Some(spqYwLukTouzTABpchglkg) starts at leader epoch 0 from offset 0 with partition epoch 0, high watermark 0, ISR [1], adding replicas [] and removing replicas [] . Previous leader None and previous leader epoch was -1. (state.change.logger)
